<?xml version="1.0" encoding="UTF-8"?>
<!-- Generated by org.testng.reporters.JUnitReportReporter -->
<testsuite hostname="DESKTOP-7ASJ5VN" name="com.test.ScrollTest" tests="1" failures="0" timestamp="21 Dec 2020 09:40:27 GMT" time="19.685" errors="0">
  <testcase name="test_scroll" time="19.685" classname="com.test.ScrollTest"/>
</testsuite> <!-- com.test.ScrollTest -->
